# JRE version: Java(TM) SE Runtime Environment (8.0_102-b14) (build 1.8.0_102-b14)
# Java VM: Java HotSpot(TM) 64-Bit Server VM (25.102-b14 mixed mode windows-amd64 compressed oops)
Heap:
 PSYoungGen      total 148992K, used 93877K [0x00000000d5e00000, 0x00000000e0380000, 0x0000000100000000)
  eden space 135680K, 61% used [0x00000000d5e00000,0x00000000daf7b400,0x00000000de280000)
  from space 13312K, 78% used [0x00000000de280000,0x00000000decb22e8,0x00000000def80000)
  to   space 12800K, 0% used [0x00000000def80000,0x00000000def80000,0x00000000dfc00000)
 ParOldGen       total 92160K, used 16231K [0x0000000081a00000, 0x0000000087400000, 0x00000000d5e00000)
  object space 92160K, 17% used [0x0000000081a00000,0x00000000829d9c40,0x0000000087400000)
 Metaspace       used 43166K, capacity 44112K, committed 44248K, reserved 1087488K
  class space    used 5104K, capacity 5358K, committed 5376K, reserved 1048576K
GC Heap History (10 events):
Event: 8.752 GC heap before
{Heap before GC invocations=11 (full 1):
 PSYoungGen      total 88064K, used 82416K [0x00000000d5e00000, 0x00000000dd580000, 0x0000000100000000)
  eden space 79360K, 100% used [0x00000000d5e00000,0x00000000dab80000,0x00000000dab80000)
  from space 8704K, 35% used [0x00000000dab80000,0x00000000dae7c030,0x00000000db400000)
  to   space 8704K, 0% used [0x00000000dcd00000,0x00000000dcd00000,0x00000000dd580000)
 ParOldGen       total 58880K, used 7675K [0x0000000081a00000, 0x0000000085380000, 0x00000000d5e00000)
  object space 58880K, 13% used [0x0000000081a00000,0x000000008217ec30,0x0000000085380000)
 Metaspace       used 23993K, capacity 24162K, committed 24320K, reserved 1071104K
  class space    used 2973K, capacity 3018K, committed 3072K, reserved 1048576K
Event: 8.768 GC heap after
Heap after GC invocations=11 (full 1):
 PSYoungGen      total 113664K, used 5364K [0x00000000d5e00000, 0x00000000dd600000, 0x0000000100000000)
  eden space 104960K, 0% used [0x00000000d5e00000,0x00000000d5e00000,0x00000000dc480000)
  from space 8704K, 61% used [0x00000000dcd00000,0x00000000dd23d010,0x00000000dd580000)
  to   space 8704K, 0% used [0x00000000dc480000,0x00000000dc480000,0x00000000dcd00000)
 ParOldGen       total 58880K, used 7699K [0x0000000081a00000, 0x0000000085380000, 0x00000000d5e00000)
  object space 58880K, 13% used [0x0000000081a00000,0x0000000082184c30,0x0000000085380000)
 Metaspace       used 23993K, capacity 24162K, committed 24320K, reserved 1071104K
  class space    used 2973K, capacity 3018K, committed 3072K, reserved 1048576K
}
Event: 11.419 GC heap before
{Heap before GC invocations=12 (full 1):
 PSYoungGen      total 113664K, used 110324K [0x00000000d5e00000, 0x00000000dd600000, 0x0000000100000000)
  eden space 104960K, 100% used [0x00000000d5e00000,0x00000000dc480000,0x00000000dc480000)
  from space 8704K, 61% used [0x00000000dcd00000,0x00000000dd23d010,0x00000000dd580000)
  to   space 8704K, 0% used [0x00000000dc480000,0x00000000dc480000,0x00000000dcd00000)
 ParOldGen       total 58880K, used 7699K [0x0000000081a00000, 0x0000000085380000, 0x00000000d5e00000)
  object space 58880K, 13% used [0x0000000081a00000,0x0000000082184c30,0x0000000085380000)
 Metaspace       used 34618K, capacity 34864K, committed 35200K, reserved 1081344K
  class space    used 4063K, capacity 4150K, committed 4224K, reserved 1048576K
Event: 11.431 GC heap after
Heap after GC invocations=12 (full 1):
 PSYoungGen      total 113664K, used 8698K [0x00000000d5e00000, 0x00000000dfc00000, 0x0000000100000000)
  eden space 104960K, 0% used [0x00000000d5e00000,0x00000000d5e00000,0x00000000dc480000)
  from space 8704K, 99% used [0x00000000dc480000,0x00000000dccfead8,0x00000000dcd00000)
  to   space 12800K, 0% used [0x00000000def80000,0x00000000def80000,0x00000000dfc00000)
 ParOldGen       total 58880K, used 16886K [0x0000000081a00000, 0x0000000085380000, 0x00000000d5e00000)
  object space 58880K, 28% used [0x0000000081a00000,0x0000000082a7d8b8,0x0000000085380000)
 Metaspace       used 34618K, capacity 34864K, committed 35200K, reserved 1081344K
  class space    used 4063K, capacity 4150K, committed 4224K, reserved 1048576K
}
Event: 11.613 GC heap before
{Heap before GC invocations=13 (full 1):
 PSYoungGen      total 113664K, used 15006K [0x00000000d5e00000, 0x00000000dfc00000, 0x0000000100000000)
  eden space 104960K, 6% used [0x00000000d5e00000,0x00000000d6428df8,0x00000000dc480000)
  from space 8704K, 99% used [0x00000000dc480000,0x00000000dccfead8,0x00000000dcd00000)
  to   space 12800K, 0% used [0x00000000def80000,0x00000000def80000,0x00000000dfc00000)
 ParOldGen       total 58880K, used 16886K [0x0000000081a00000, 0x0000000085380000, 0x00000000d5e00000)
  object space 58880K, 28% used [0x0000000081a00000,0x0000000082a7d8b8,0x0000000085380000)
 Metaspace       used 34986K, capacity 35254K, committed 35416K, reserved 1081344K
  class space    used 4114K, capacity 4216K, committed 4224K, reserved 1048576K
Event: 11.620 GC heap after
Heap after GC invocations=13 (full 1):
 PSYoungGen      total 148480K, used 577K [0x00000000d5e00000, 0x00000000e0380000, 0x0000000100000000)
  eden space 135680K, 0% used [0x00000000d5e00000,0x00000000d5e00000,0x00000000de280000)
  from space 12800K, 4% used [0x00000000def80000,0x00000000df010650,0x00000000dfc00000)
  to   space 13312K, 0% used [0x00000000de280000,0x00000000de280000,0x00000000def80000)
 ParOldGen       total 58880K, used 25501K [0x0000000081a00000, 0x0000000085380000, 0x00000000d5e00000)
  object space 58880K, 43% used [0x0000000081a00000,0x00000000832e7520,0x0000000085380000)
 Metaspace       used 34986K, capacity 35254K, committed 35416K, reserved 1081344K
  class space    used 4114K, capacity 4216K, committed 4224K, reserved 1048576K
}
Event: 11.620 GC heap before
{Heap before GC invocations=14 (full 2):
 PSYoungGen      total 148480K, used 577K [0x00000000d5e00000, 0x00000000e0380000, 0x0000000100000000)
  eden space 135680K, 0% used [0x00000000d5e00000,0x00000000d5e00000,0x00000000de280000)
  from space 12800K, 4% used [0x00000000def80000,0x00000000df010650,0x00000000dfc00000)
  to   space 13312K, 0% used [0x00000000de280000,0x00000000de280000,0x00000000def80000)
 ParOldGen       total 58880K, used 25501K [0x0000000081a00000, 0x0000000085380000, 0x00000000d5e00000)
  object space 58880K, 43% used [0x0000000081a00000,0x00000000832e7520,0x0000000085380000)
 Metaspace       used 34986K, capacity 35254K, committed 35416K, reserved 1081344K
  class space    used 4114K, capacity 4216K, committed 4224K, reserved 1048576K
Event: 11.691 GC heap after
Heap after GC invocations=14 (full 2):
 PSYoungGen      total 148480K, used 0K [0x00000000d5e00000, 0x00000000e0380000, 0x0000000100000000)
  eden space 135680K, 0% used [0x00000000d5e00000,0x00000000d5e00000,0x00000000de280000)
  from space 12800K, 0% used [0x00000000def80000,0x00000000def80000,0x00000000dfc00000)
  to   space 13312K, 0% used [0x00000000de280000,0x00000000de280000,0x00000000def80000)
 ParOldGen       total 92160K, used 16231K [0x0000000081a00000, 0x0000000087400000, 0x00000000d5e00000)
  object space 92160K, 17% used [0x0000000081a00000,0x00000000829d9c40,0x0000000087400000)
 Metaspace       used 34986K, capacity 35254K, committed 35416K, reserved 1081344K
  class space    used 4114K, capacity 4216K, committed 4224K, reserved 1048576K
}
Event: 14.873 GC heap before
{Heap before GC invocations=15 (full 2):
 PSYoungGen      total 148480K, used 135680K [0x00000000d5e00000, 0x00000000e0380000, 0x0000000100000000)
  eden space 135680K, 100% used [0x00000000d5e00000,0x00000000de280000,0x00000000de280000)
  from space 12800K, 0% used [0x00000000def80000,0x00000000def80000,0x00000000dfc00000)
  to   space 13312K, 0% used [0x00000000de280000,0x00000000de280000,0x00000000def80000)
 ParOldGen       total 92160K, used 16231K [0x0000000081a00000, 0x0000000087400000, 0x00000000d5e00000)
  object space 92160K, 17% used [0x0000000081a00000,0x00000000829d9c40,0x0000000087400000)
 Metaspace       used 43141K, capacity 44048K, committed 44248K, reserved 1087488K
  class space    used 5104K, capacity 5358K, committed 5376K, reserved 1048576K
Event: 14.894 GC heap after
Heap after GC invocations=15 (full 2):
 PSYoungGen      total 148992K, used 10440K [0x00000000d5e00000, 0x00000000e0380000, 0x0000000100000000)
  eden space 135680K, 0% used [0x00000000d5e00000,0x00000000d5e00000,0x00000000de280000)
  from space 13312K, 78% used [0x00000000de280000,0x00000000decb22e8,0x00000000def80000)
  to   space 12800K, 0% used [0x00000000def80000,0x00000000def80000,0x00000000dfc00000)
 ParOldGen       total 92160K, used 16231K [0x0000000081a00000, 0x0000000087400000, 0x00000000d5e00000)
  object space 92160K, 17% used [0x0000000081a00000,0x00000000829d9c40,0x0000000087400000)
 Metaspace       used 43141K, capacity 44048K, committed 44248K, reserved 1087488K
  class space    used 5104K, capacity 5358K, committed 5376K, reserved 1048576K
}

