# JRE version: Java(TM) SE Runtime Environment (8.0_102-b14) (build 1.8.0_102-b14)
# Java VM: Java HotSpot(TM) 64-Bit Server VM (25.102-b14 mixed mode windows-amd64 compressed oops)
Heap:
 PSYoungGen      total 116224K, used 110065K [0x00000000d5e00000, 0x00000000dfb00000, 0x0000000100000000)
  eden space 104448K, 98% used [0x00000000d5e00000,0x00000000dc26c6e8,0x00000000dc400000)
  from space 11776K, 61% used [0x00000000dd100000,0x00000000dd80fe88,0x00000000ddc80000)
  to   space 13312K, 0% used [0x00000000dc400000,0x00000000dc400000,0x00000000dd100000)
 ParOldGen       total 98304K, used 19926K [0x0000000081a00000, 0x0000000087a00000, 0x00000000d5e00000)
  object space 98304K, 20% used [0x0000000081a00000,0x0000000082d75b50,0x0000000087a00000)
 Metaspace       used 42941K, capacity 43782K, committed 43992K, reserved 1087488K
  class space    used 5094K, capacity 5344K, committed 5376K, reserved 1048576K
GC Heap History (10 events):
Event: 7.392 GC heap before
{Heap before GC invocations=10 (full 1):
 PSYoungGen      total 88064K, used 85120K [0x00000000d5e00000, 0x00000000dbd80000, 0x0000000100000000)
  eden space 79360K, 100% used [0x00000000d5e00000,0x00000000dab80000,0x00000000dab80000)
  from space 8704K, 66% used [0x00000000db400000,0x00000000db9a0020,0x00000000dbc80000)
  to   space 8704K, 0% used [0x00000000dab80000,0x00000000dab80000,0x00000000db400000)
 ParOldGen       total 60416K, used 7057K [0x0000000081a00000, 0x0000000085500000, 0x00000000d5e00000)
  object space 60416K, 11% used [0x0000000081a00000,0x00000000820e4430,0x0000000085500000)
 Metaspace       used 29960K, capacity 30208K, committed 30464K, reserved 1075200K
  class space    used 3696K, capacity 3795K, committed 3840K, reserved 1048576K
Event: 7.404 GC heap after
Heap after GC invocations=10 (full 1):
 PSYoungGen      total 88064K, used 8689K [0x00000000d5e00000, 0x00000000ddc80000, 0x0000000100000000)
  eden space 79360K, 0% used [0x00000000d5e00000,0x00000000d5e00000,0x00000000dab80000)
  from space 8704K, 99% used [0x00000000dab80000,0x00000000db3fc480,0x00000000db400000)
  to   space 11776K, 0% used [0x00000000dd100000,0x00000000dd100000,0x00000000ddc80000)
 ParOldGen       total 60416K, used 12729K [0x0000000081a00000, 0x0000000085500000, 0x00000000d5e00000)
  object space 60416K, 21% used [0x0000000081a00000,0x000000008266e788,0x0000000085500000)
 Metaspace       used 29960K, capacity 30208K, committed 30464K, reserved 1075200K
  class space    used 3696K, capacity 3795K, committed 3840K, reserved 1048576K
}
Event: 7.953 GC heap before
{Heap before GC invocations=11 (full 1):
 PSYoungGen      total 88064K, used 42148K [0x00000000d5e00000, 0x00000000ddc80000, 0x0000000100000000)
  eden space 79360K, 42% used [0x00000000d5e00000,0x00000000d7eacc58,0x00000000dab80000)
  from space 8704K, 99% used [0x00000000dab80000,0x00000000db3fc480,0x00000000db400000)
  to   space 11776K, 0% used [0x00000000dd100000,0x00000000dd100000,0x00000000ddc80000)
 ParOldGen       total 60416K, used 12729K [0x0000000081a00000, 0x0000000085500000, 0x00000000d5e00000)
  object space 60416K, 21% used [0x0000000081a00000,0x000000008266e788,0x0000000085500000)
 Metaspace       used 35028K, capacity 35310K, committed 35416K, reserved 1081344K
  class space    used 4113K, capacity 4215K, committed 4224K, reserved 1048576K
Event: 7.961 GC heap after
Heap after GC invocations=11 (full 1):
 PSYoungGen      total 115712K, used 11755K [0x00000000d5e00000, 0x00000000de080000, 0x0000000100000000)
  eden space 103936K, 0% used [0x00000000d5e00000,0x00000000d5e00000,0x00000000dc380000)
  from space 11776K, 99% used [0x00000000dd100000,0x00000000ddc7aed0,0x00000000ddc80000)
  to   space 13824K, 0% used [0x00000000dc380000,0x00000000dc380000,0x00000000dd100000)
 ParOldGen       total 60416K, used 14580K [0x0000000081a00000, 0x0000000085500000, 0x00000000d5e00000)
  object space 60416K, 24% used [0x0000000081a00000,0x000000008283d0a0,0x0000000085500000)
 Metaspace       used 35028K, capacity 35310K, committed 35416K, reserved 1081344K
  class space    used 4113K, capacity 4215K, committed 4224K, reserved 1048576K
}
Event: 7.961 GC heap before
{Heap before GC invocations=12 (full 2):
 PSYoungGen      total 115712K, used 11755K [0x00000000d5e00000, 0x00000000de080000, 0x0000000100000000)
  eden space 103936K, 0% used [0x00000000d5e00000,0x00000000d5e00000,0x00000000dc380000)
  from space 11776K, 99% used [0x00000000dd100000,0x00000000ddc7aed0,0x00000000ddc80000)
  to   space 13824K, 0% used [0x00000000dc380000,0x00000000dc380000,0x00000000dd100000)
 ParOldGen       total 60416K, used 14580K [0x0000000081a00000, 0x0000000085500000, 0x00000000d5e00000)
  object space 60416K, 24% used [0x0000000081a00000,0x000000008283d0a0,0x0000000085500000)
 Metaspace       used 35028K, capacity 35310K, committed 35416K, reserved 1081344K
  class space    used 4113K, capacity 4215K, committed 4224K, reserved 1048576K
Event: 8.021 GC heap after
Heap after GC invocations=12 (full 2):
 PSYoungGen      total 115712K, used 0K [0x00000000d5e00000, 0x00000000de080000, 0x0000000100000000)
  eden space 103936K, 0% used [0x00000000d5e00000,0x00000000d5e00000,0x00000000dc380000)
  from space 11776K, 0% used [0x00000000dd100000,0x00000000dd100000,0x00000000ddc80000)
  to   space 13824K, 0% used [0x00000000dc380000,0x00000000dc380000,0x00000000dd100000)
 ParOldGen       total 98304K, used 19910K [0x0000000081a00000, 0x0000000087a00000, 0x00000000d5e00000)
  object space 98304K, 20% used [0x0000000081a00000,0x0000000082d71b50,0x0000000087a00000)
 Metaspace       used 35028K, capacity 35310K, committed 35416K, reserved 1081344K
  class space    used 4113K, capacity 4215K, committed 4224K, reserved 1048576K
}
Event: 10.010 GC heap before
{Heap before GC invocations=13 (full 2):
 PSYoungGen      total 115712K, used 103936K [0x00000000d5e00000, 0x00000000de080000, 0x0000000100000000)
  eden space 103936K, 100% used [0x00000000d5e00000,0x00000000dc380000,0x00000000dc380000)
  from space 11776K, 0% used [0x00000000dd100000,0x00000000dd100000,0x00000000ddc80000)
  to   space 13824K, 0% used [0x00000000dc380000,0x00000000dc380000,0x00000000dd100000)
 ParOldGen       total 98304K, used 19910K [0x0000000081a00000, 0x0000000087a00000, 0x00000000d5e00000)
  object space 98304K, 20% used [0x0000000081a00000,0x0000000082d71b50,0x0000000087a00000)
 Metaspace       used 41723K, capacity 42564K, committed 42840K, reserved 1087488K
  class space    used 4977K, capacity 5203K, committed 5248K, reserved 1048576K
Event: 10.021 GC heap after
Heap after GC invocations=13 (full 2):
 PSYoungGen      total 117760K, used 8710K [0x00000000d5e00000, 0x00000000de080000, 0x0000000100000000)
  eden space 103936K, 0% used [0x00000000d5e00000,0x00000000d5e00000,0x00000000dc380000)
  from space 13824K, 63% used [0x00000000dc380000,0x00000000dcc019c0,0x00000000dd100000)
  to   space 11776K, 0% used [0x00000000dd100000,0x00000000dd100000,0x00000000ddc80000)
 ParOldGen       total 98304K, used 19918K [0x0000000081a00000, 0x0000000087a00000, 0x00000000d5e00000)
  object space 98304K, 20% used [0x0000000081a00000,0x0000000082d73b50,0x0000000087a00000)
 Metaspace       used 41723K, capacity 42564K, committed 42840K, reserved 1087488K
  class space    used 4977K, capacity 5203K, committed 5248K, reserved 1048576K
}
Event: 11.046 GC heap before
{Heap before GC invocations=14 (full 2):
 PSYoungGen      total 117760K, used 112646K [0x00000000d5e00000, 0x00000000de080000, 0x0000000100000000)
  eden space 103936K, 100% used [0x00000000d5e00000,0x00000000dc380000,0x00000000dc380000)
  from space 13824K, 63% used [0x00000000dc380000,0x00000000dcc019c0,0x00000000dd100000)
  to   space 11776K, 0% used [0x00000000dd100000,0x00000000dd100000,0x00000000ddc80000)
 ParOldGen       total 98304K, used 19918K [0x0000000081a00000, 0x0000000087a00000, 0x00000000d5e00000)
  object space 98304K, 20% used [0x0000000081a00000,0x0000000082d73b50,0x0000000087a00000)
 Metaspace       used 42873K, capacity 43718K, committed 43992K, reserved 1087488K
  class space    used 5094K, capacity 5344K, committed 5376K, reserved 1048576K
Event: 11.056 GC heap after
Heap after GC invocations=14 (full 2):
 PSYoungGen      total 116224K, used 7231K [0x00000000d5e00000, 0x00000000dfb00000, 0x0000000100000000)
  eden space 104448K, 0% used [0x00000000d5e00000,0x00000000d5e00000,0x00000000dc400000)
  from space 11776K, 61% used [0x00000000dd100000,0x00000000dd80fe88,0x00000000ddc80000)
  to   space 13312K, 0% used [0x00000000dc400000,0x00000000dc400000,0x00000000dd100000)
 ParOldGen       total 98304K, used 19926K [0x0000000081a00000, 0x0000000087a00000, 0x00000000d5e00000)
  object space 98304K, 20% used [0x0000000081a00000,0x0000000082d75b50,0x0000000087a00000)
 Metaspace       used 42873K, capacity 43718K, committed 43992K, reserved 1087488K
  class space    used 5094K, capacity 5344K, committed 5376K, reserved 1048576K
}

