# JRE version: Java(TM) SE Runtime Environment (8.0_102-b14) (build 1.8.0_102-b14)
# Java VM: Java HotSpot(TM) 64-Bit Server VM (25.102-b14 mixed mode windows-amd64 compressed oops)
Heap:
 PSYoungGen      total 56320K, used 36483K [0x00000000d5e00000, 0x00000000d9b80000, 0x0000000100000000)
  eden space 51200K, 71% used [0x00000000d5e00000,0x00000000d81a0e98,0x00000000d9000000)
  from space 5120K, 0% used [0x00000000d9180000,0x00000000d9180000,0x00000000d9680000)
  to   space 5120K, 0% used [0x00000000d9680000,0x00000000d9680000,0x00000000d9b80000)
 ParOldGen       total 48640K, used 6495K [0x0000000081a00000, 0x0000000084980000, 0x00000000d5e00000)
  object space 48640K, 13% used [0x0000000081a00000,0x0000000082057f48,0x0000000084980000)
 Metaspace       used 24363K, capacity 24528K, committed 25088K, reserved 1073152K
  class space    used 3160K, capacity 3243K, committed 3328K, reserved 1048576K
GC Heap History (10 events):
Event: 1.601 GC heap before
{Heap before GC invocations=3 (full 1):
 PSYoungGen      total 38400K, used 2588K [0x00000000d5e00000, 0x00000000d8880000, 0x0000000100000000)
  eden space 33280K, 0% used [0x00000000d5e00000,0x00000000d5e00000,0x00000000d7e80000)
  from space 5120K, 50% used [0x00000000d8380000,0x00000000d8607220,0x00000000d8880000)
  to   space 5120K, 0% used [0x00000000d7e80000,0x00000000d7e80000,0x00000000d8380000)
 ParOldGen       total 87552K, used 80K [0x0000000081a00000, 0x0000000086f80000, 0x00000000d5e00000)
  object space 87552K, 0% used [0x0000000081a00000,0x0000000081a14010,0x0000000086f80000)
 Metaspace       used 9527K, capacity 9606K, committed 9728K, reserved 1062912K
  class space    used 1151K, capacity 1203K, committed 1280K, reserved 1048576K
Event: 1.625 GC heap after
Heap after GC invocations=3 (full 1):
 PSYoungGen      total 38400K, used 0K [0x00000000d5e00000, 0x00000000d8880000, 0x0000000100000000)
  eden space 33280K, 0% used [0x00000000d5e00000,0x00000000d5e00000,0x00000000d7e80000)
  from space 5120K, 0% used [0x00000000d8380000,0x00000000d8380000,0x00000000d8880000)
  to   space 5120K, 0% used [0x00000000d7e80000,0x00000000d7e80000,0x00000000d8380000)
 ParOldGen       total 48640K, used 2537K [0x0000000081a00000, 0x0000000084980000, 0x00000000d5e00000)
  object space 48640K, 5% used [0x0000000081a00000,0x0000000081c7a660,0x0000000084980000)
 Metaspace       used 9527K, capacity 9606K, committed 9728K, reserved 1060864K
  class space    used 1151K, capacity 1203K, committed 1280K, reserved 1048576K
}
Event: 2.384 GC heap before
{Heap before GC invocations=4 (full 1):
 PSYoungGen      total 38400K, used 33280K [0x00000000d5e00000, 0x00000000d8880000, 0x0000000100000000)
  eden space 33280K, 100% used [0x00000000d5e00000,0x00000000d7e80000,0x00000000d7e80000)
  from space 5120K, 0% used [0x00000000d8380000,0x00000000d8380000,0x00000000d8880000)
  to   space 5120K, 0% used [0x00000000d7e80000,0x00000000d7e80000,0x00000000d8380000)
 ParOldGen       total 48640K, used 2537K [0x0000000081a00000, 0x0000000084980000, 0x00000000d5e00000)
  object space 48640K, 5% used [0x0000000081a00000,0x0000000081c7a660,0x0000000084980000)
 Metaspace       used 14897K, capacity 15012K, committed 15360K, reserved 1064960K
  class space    used 1899K, capacity 1949K, committed 2048K, reserved 1048576K
Event: 2.390 GC heap after
Heap after GC invocations=4 (full 1):
 PSYoungGen      total 38400K, used 4471K [0x00000000d5e00000, 0x00000000d9b80000, 0x0000000100000000)
  eden space 33280K, 0% used [0x00000000d5e00000,0x00000000d5e00000,0x00000000d7e80000)
  from space 5120K, 87% used [0x00000000d7e80000,0x00000000d82ddd80,0x00000000d8380000)
  to   space 5120K, 0% used [0x00000000d9680000,0x00000000d9680000,0x00000000d9b80000)
 ParOldGen       total 48640K, used 2545K [0x0000000081a00000, 0x0000000084980000, 0x00000000d5e00000)
  object space 48640K, 5% used [0x0000000081a00000,0x0000000081c7c660,0x0000000084980000)
 Metaspace       used 14897K, capacity 15012K, committed 15360K, reserved 1064960K
  class space    used 1899K, capacity 1949K, committed 2048K, reserved 1048576K
}
Event: 3.330 GC heap before
{Heap before GC invocations=5 (full 1):
 PSYoungGen      total 38400K, used 37751K [0x00000000d5e00000, 0x00000000d9b80000, 0x0000000100000000)
  eden space 33280K, 100% used [0x00000000d5e00000,0x00000000d7e80000,0x00000000d7e80000)
  from space 5120K, 87% used [0x00000000d7e80000,0x00000000d82ddd80,0x00000000d8380000)
  to   space 5120K, 0% used [0x00000000d9680000,0x00000000d9680000,0x00000000d9b80000)
 ParOldGen       total 48640K, used 2545K [0x0000000081a00000, 0x0000000084980000, 0x00000000d5e00000)
  object space 48640K, 5% used [0x0000000081a00000,0x0000000081c7c660,0x0000000084980000)
 Metaspace       used 17964K, capacity 18102K, committed 18560K, reserved 1067008K
  class space    used 2299K, capacity 2336K, committed 2432K, reserved 1048576K
Event: 3.337 GC heap after
Heap after GC invocations=5 (full 1):
 PSYoungGen      total 56320K, used 4724K [0x00000000d5e00000, 0x00000000d9b80000, 0x0000000100000000)
  eden space 51200K, 0% used [0x00000000d5e00000,0x00000000d5e00000,0x00000000d9000000)
  from space 5120K, 92% used [0x00000000d9680000,0x00000000d9b1d308,0x00000000d9b80000)
  to   space 5120K, 0% used [0x00000000d9180000,0x00000000d9180000,0x00000000d9680000)
 ParOldGen       total 48640K, used 2553K [0x0000000081a00000, 0x0000000084980000, 0x00000000d5e00000)
  object space 48640K, 5% used [0x0000000081a00000,0x0000000081c7e660,0x0000000084980000)
 Metaspace       used 17964K, capacity 18102K, committed 18560K, reserved 1067008K
  class space    used 2299K, capacity 2336K, committed 2432K, reserved 1048576K
}
Event: 3.912 GC heap before
{Heap before GC invocations=6 (full 1):
 PSYoungGen      total 56320K, used 29100K [0x00000000d5e00000, 0x00000000d9b80000, 0x0000000100000000)
  eden space 51200K, 47% used [0x00000000d5e00000,0x00000000d75cdf88,0x00000000d9000000)
  from space 5120K, 92% used [0x00000000d9680000,0x00000000d9b1d308,0x00000000d9b80000)
  to   space 5120K, 0% used [0x00000000d9180000,0x00000000d9180000,0x00000000d9680000)
 ParOldGen       total 48640K, used 2553K [0x0000000081a00000, 0x0000000084980000, 0x00000000d5e00000)
  object space 48640K, 5% used [0x0000000081a00000,0x0000000081c7e660,0x0000000084980000)
 Metaspace       used 20796K, capacity 21000K, committed 21248K, reserved 1069056K
  class space    used 2704K, capacity 2791K, committed 2816K, reserved 1048576K
Event: 3.918 GC heap after
Heap after GC invocations=6 (full 1):
 PSYoungGen      total 56320K, used 4530K [0x00000000d5e00000, 0x00000000d9b80000, 0x0000000100000000)
  eden space 51200K, 0% used [0x00000000d5e00000,0x00000000d5e00000,0x00000000d9000000)
  from space 5120K, 88% used [0x00000000d9180000,0x00000000d95ec820,0x00000000d9680000)
  to   space 5120K, 0% used [0x00000000d9680000,0x00000000d9680000,0x00000000d9b80000)
 ParOldGen       total 48640K, used 2561K [0x0000000081a00000, 0x0000000084980000, 0x00000000d5e00000)
  object space 48640K, 5% used [0x0000000081a00000,0x0000000081c80660,0x0000000084980000)
 Metaspace       used 20796K, capacity 21000K, committed 21248K, reserved 1069056K
  class space    used 2704K, capacity 2791K, committed 2816K, reserved 1048576K
}
Event: 3.919 GC heap before
{Heap before GC invocations=7 (full 2):
 PSYoungGen      total 56320K, used 4530K [0x00000000d5e00000, 0x00000000d9b80000, 0x0000000100000000)
  eden space 51200K, 0% used [0x00000000d5e00000,0x00000000d5e00000,0x00000000d9000000)
  from space 5120K, 88% used [0x00000000d9180000,0x00000000d95ec820,0x00000000d9680000)
  to   space 5120K, 0% used [0x00000000d9680000,0x00000000d9680000,0x00000000d9b80000)
 ParOldGen       total 48640K, used 2561K [0x0000000081a00000, 0x0000000084980000, 0x00000000d5e00000)
  object space 48640K, 5% used [0x0000000081a00000,0x0000000081c80660,0x0000000084980000)
 Metaspace       used 20796K, capacity 21000K, committed 21248K, reserved 1069056K
  class space    used 2704K, capacity 2791K, committed 2816K, reserved 1048576K
Event: 3.954 GC heap after
Heap after GC invocations=7 (full 2):
 PSYoungGen      total 56320K, used 0K [0x00000000d5e00000, 0x00000000d9b80000, 0x0000000100000000)
  eden space 51200K, 0% used [0x00000000d5e00000,0x00000000d5e00000,0x00000000d9000000)
  from space 5120K, 0% used [0x00000000d9180000,0x00000000d9180000,0x00000000d9680000)
  to   space 5120K, 0% used [0x00000000d9680000,0x00000000d9680000,0x00000000d9b80000)
 ParOldGen       total 48640K, used 6495K [0x0000000081a00000, 0x0000000084980000, 0x00000000d5e00000)
  object space 48640K, 13% used [0x0000000081a00000,0x0000000082057f48,0x0000000084980000)
 Metaspace       used 20796K, capacity 21000K, committed 21248K, reserved 1069056K
  class space    used 2704K, capacity 2791K, committed 2816K, reserved 1048576K
}

